app/build/intermediates/manifest_merge_blame_file/debug/manifest-merger-blame-debug-report.txt
1<?xml version="1.0" encoding="utf-8"?>
2<manifest xmlns:android="http://schemas.android.com/apk/res/android"
3    package="com.example.ptmsassignment"
4    android:versionCode="1"
5    android:versionName="1.0" >
6
7    <uses-sdk
8        android:minSdkVersion="21"
8-->src/main/AndroidManifest.xml
9        android:targetSdkVersion="28" />
9-->src/main/AndroidManifest.xml
10
11    <uses-permission android:name="android.permission.INTERNET" />
11-->src/main/AndroidManifest.xml:5:5-67
11-->src/main/AndroidManifest.xml:5:22-64
12    <uses-permission android:name="android.permission.ACCESS_NETWORK_STATE" />
12-->src/main/AndroidManifest.xml:6:5-79
12-->src/main/AndroidManifest.xml:6:22-76
13
14    <application
14-->src/main/AndroidManifest.xml:8:5-28:19
15        android:allowBackup="true"
15-->src/main/AndroidManifest.xml:9:9-35
16        android:appComponentFactory="androidx.core.app.CoreComponentFactory"
16-->[androidx.core:core:1.1.0] AndroidManifest.xml:24:18-86
17        android:debuggable="true"
18        android:icon="@mipmap/ic_launcher"
18-->src/main/AndroidManifest.xml:10:9-43
19        android:label="@string/app_name"
19-->src/main/AndroidManifest.xml:11:9-41
20        android:roundIcon="@mipmap/ic_launcher_round"
20-->src/main/AndroidManifest.xml:12:9-54
21        android:supportsRtl="true"
21-->src/main/AndroidManifest.xml:13:9-35
22        android:testOnly="true"
23        android:theme="@style/AppTheme" >
23-->src/main/AndroidManifest.xml:14:9-40
24        <activity android:name="com.example.ptmsassignment.FragmentPage" />
24-->src/main/AndroidManifest.xml:15:9-59
24-->src/main/AndroidManifest.xml:15:19-47
25        <activity android:name="com.example.ptmsassignment.Loading" />
25-->src/main/AndroidManifest.xml:16:9-45
25-->src/main/AndroidManifest.xml:16:19-42
26        <activity android:name="com.example.ptmsassignment.TestsLog" />
26-->src/main/AndroidManifest.xml:17:9-46
26-->src/main/AndroidManifest.xml:17:19-43
27        <activity android:name="com.example.ptmsassignment.QuestionsLog" />
27-->src/main/AndroidManifest.xml:18:9-50
27-->src/main/AndroidManifest.xml:18:19-47
28        <activity android:name="com.example.ptmsassignment.ResultPage" />
28-->src/main/AndroidManifest.xml:19:9-48
28-->src/main/AndroidManifest.xml:19:19-45
29        <activity android:name="com.example.ptmsassignment.GamePage" />
29-->src/main/AndroidManifest.xml:20:9-46
29-->src/main/AndroidManifest.xml:20:19-43
30        <activity android:name="com.example.ptmsassignment.StartPage" >
30-->src/main/AndroidManifest.xml:21:9-27:20
30-->src/main/AndroidManifest.xml:21:19-44
31            <intent-filter>
31-->src/main/AndroidManifest.xml:22:13-26:29
32                <action android:name="android.intent.action.MAIN" />
32-->src/main/AndroidManifest.xml:23:17-69
32-->src/main/AndroidManifest.xml:23:25-66
33
34                <category android:name="android.intent.category.LAUNCHER" />
34-->src/main/AndroidManifest.xml:25:17-77
34-->src/main/AndroidManifest.xml:25:27-74
35            </intent-filter>
36        </activity>
37    </application>
38
39</manifest>